<?xml version="1.0" encoding="UTF-8"?>
<testng-results ignored="0" total="6" passed="5" failed="1" skipped="0">
  <reporter-output>
  </reporter-output>
  <suite started-at="2024-01-12T23:50:24 IST" name="All Test Suite" finished-at="2024-01-12T23:51:03 IST" duration-ms="38734">
    <groups>
    </groups>
    <test started-at="2024-01-12T23:50:24 IST" name="E Bank Application" finished-at="2024-01-12T23:51:03 IST" duration-ms="38734">
      <class name="testCases.TC_login_001">
        <test-method is-config="true" signature="setup(java.lang.String)[pri:0, instance:testCases.TC_login_001@78b66d36]" started-at="2024-01-12T23:50:25 IST" name="setup" finished-at="2024-01-12T23:50:33 IST" duration-ms="8656" status="PASS">
          <params>
            <param index="0">
              <value>
                <![CDATA[chrome]]>
              </value>
            </param>
          </params>
          <reporter-output>
          </reporter-output>
        </test-method> <!-- setup -->
        <test-method signature="loginTest1()[pri:0, instance:testCases.TC_login_001@78b66d36]" started-at="2024-01-12T23:50:33 IST" name="loginTest1" finished-at="2024-01-12T23:50:36 IST" duration-ms="2763" status="FAIL">
          <exception class="java.lang.AssertionError">
            <message>
              <![CDATA[expected [true] but found [false]]]>
            </message>
            <full-stacktrace>
              <![CDATA[java.lang.AssertionError: expected [true] but found [false]
at org.testng.Assert.fail(Assert.java:111)
at org.testng.Assert.failNotEquals(Assert.java:1578)
at org.testng.Assert.assertTrue(Assert.java:57)
at org.testng.Assert.assertTrue(Assert.java:67)
at testCases.TC_login_001.loginTest1(TC_login_001.java:24)
at java.base/jdk.internal.reflect.DirectMethodHandleAccessor.invoke(DirectMethodHandleAccessor.java:103)
at java.base/java.lang.reflect.Method.invoke(Method.java:580)
at org.testng.internal.invokers.MethodInvocationHelper.invokeMethod(MethodInvocationHelper.java:139)
at org.testng.internal.invokers.TestInvoker.invokeMethod(TestInvoker.java:664)
at org.testng.internal.invokers.TestInvoker.invokeTestMethod(TestInvoker.java:227)
at org.testng.internal.invokers.MethodRunner.runInSequence(MethodRunner.java:50)
at org.testng.internal.invokers.TestInvoker$MethodInvocationAgent.invoke(TestInvoker.java:957)
at org.testng.internal.invokers.TestInvoker.invokeTestMethods(TestInvoker.java:200)
at org.testng.internal.invokers.TestMethodWorker.invokeTestMethods(TestMethodWorker.java:148)
at org.testng.internal.invokers.TestMethodWorker.run(TestMethodWorker.java:128)
at java.base/java.util.ArrayList.forEach(ArrayList.java:1596)
at org.testng.TestRunner.privateRun(TestRunner.java:848)
at org.testng.TestRunner.run(TestRunner.java:621)
at org.testng.SuiteRunner.runTest(SuiteRunner.java:443)
at org.testng.SuiteRunner.runSequentially(SuiteRunner.java:437)
at org.testng.SuiteRunner.privateRun(SuiteRunner.java:397)
at org.testng.SuiteRunner.run(SuiteRunner.java:336)
at org.testng.SuiteRunnerWorker.runSuite(SuiteRunnerWorker.java:52)
at org.testng.SuiteRunnerWorker.run(SuiteRunnerWorker.java:95)
at org.testng.TestNG.runSuitesSequentially(TestNG.java:1280)
at org.testng.TestNG.runSuitesLocally(TestNG.java:1200)
at org.testng.TestNG.runSuites(TestNG.java:1114)
at org.testng.TestNG.run(TestNG.java:1082)
at com.intellij.rt.testng.IDEARemoteTestNG.run(IDEARemoteTestNG.java:65)
at com.intellij.rt.testng.RemoteTestNGStarter.main(RemoteTestNGStarter.java:105)
]]>
            </full-stacktrace>
          </exception> <!-- java.lang.AssertionError -->
          <reporter-output>
          </reporter-output>
        </test-method> <!-- loginTest1 -->
        <test-method is-config="true" signature="tearDown()[pri:0, instance:testCases.TC_login_001@78b66d36]" started-at="2024-01-12T23:50:36 IST" name="tearDown" finished-at="2024-01-12T23:50:36 IST" duration-ms="142" status="PASS">
          <reporter-output>
          </reporter-output>
        </test-method> <!-- tearDown -->
      </class> <!-- testCases.TC_login_001 -->
      <class name="testCases.TC_Login_DDT_002">
        <test-method is-config="true" signature="setup(java.lang.String)[pri:0, instance:testCases.TC_Login_DDT_002@be64738]" started-at="2024-01-12T23:50:36 IST" name="setup" finished-at="2024-01-12T23:50:43 IST" duration-ms="7322" status="PASS">
          <params>
            <param index="0">
              <value>
                <![CDATA[chrome]]>
              </value>
            </param>
          </params>
          <reporter-output>
          </reporter-output>
        </test-method> <!-- setup -->
        <test-method signature="loginTest(java.lang.String,java.lang.String)[pri:0, instance:testCases.TC_Login_DDT_002@be64738]" started-at="2024-01-12T23:50:44 IST" name="loginTest" data-provider="LoginDataProvider" finished-at="2024-01-12T23:50:48 IST" duration-ms="3671" status="PASS">
          <params>
            <param index="0">
              <value>
                <![CDATA[mngr156235]]>
              </value>
            </param>
            <param index="1">
              <value>
                <![CDATA[Hjdjjk]]>
              </value>
            </param>
          </params>
          <reporter-output>
          </reporter-output>
        </test-method> <!-- loginTest -->
        <test-method signature="loginTest(java.lang.String,java.lang.String)[pri:0, instance:testCases.TC_Login_DDT_002@be64738]" started-at="2024-01-12T23:50:48 IST" name="loginTest" data-provider="LoginDataProvider" finished-at="2024-01-12T23:50:53 IST" duration-ms="5666" status="PASS">
          <params>
            <param index="0">
              <value>
                <![CDATA[mngr156236]]>
              </value>
            </param>
            <param index="1">
              <value>
                <![CDATA[YUjmJkl]]>
              </value>
            </param>
          </params>
          <reporter-output>
          </reporter-output>
        </test-method> <!-- loginTest -->
        <test-method signature="loginTest(java.lang.String,java.lang.String)[pri:0, instance:testCases.TC_Login_DDT_002@be64738]" started-at="2024-01-12T23:50:53 IST" name="loginTest" data-provider="LoginDataProvider" finished-at="2024-01-12T23:50:56 IST" duration-ms="2645" status="PASS">
          <params>
            <param index="0">
              <value>
                <![CDATA[mngr544680]]>
              </value>
            </param>
            <param index="1">
              <value>
                <![CDATA[pevurEg]]>
              </value>
            </param>
          </params>
          <reporter-output>
          </reporter-output>
        </test-method> <!-- loginTest -->
        <test-method signature="loginTest(java.lang.String,java.lang.String)[pri:0, instance:testCases.TC_Login_DDT_002@be64738]" started-at="2024-01-12T23:50:56 IST" name="loginTest" data-provider="LoginDataProvider" finished-at="2024-01-12T23:51:01 IST" duration-ms="4728" status="PASS">
          <params>
            <param index="0">
              <value>
                <![CDATA[mngr547769]]>
              </value>
            </param>
            <param index="1">
              <value>
                <![CDATA[adUmugU]]>
              </value>
            </param>
          </params>
          <reporter-output>
          </reporter-output>
        </test-method> <!-- loginTest -->
        <test-method signature="loginTest(java.lang.String,java.lang.String)[pri:0, instance:testCases.TC_Login_DDT_002@be64738]" started-at="2024-01-12T23:51:01 IST" name="loginTest" data-provider="LoginDataProvider" finished-at="2024-01-12T23:51:03 IST" duration-ms="2334" status="PASS">
          <params>
            <param index="0">
              <value>
                <![CDATA[mngr156239]]>
              </value>
            </param>
            <param index="1">
              <value>
                <![CDATA[OishY]]>
              </value>
            </param>
          </params>
          <reporter-output>
          </reporter-output>
        </test-method> <!-- loginTest -->
        <test-method is-config="true" signature="tearDown()[pri:0, instance:testCases.TC_Login_DDT_002@be64738]" started-at="2024-01-12T23:51:03 IST" name="tearDown" finished-at="2024-01-12T23:51:03 IST" duration-ms="135" status="PASS">
          <reporter-output>
          </reporter-output>
        </test-method> <!-- tearDown -->
      </class> <!-- testCases.TC_Login_DDT_002 -->
    </test> <!-- E Bank Application -->
  </suite> <!-- All Test Suite -->
</testng-results>
